\BOOKMARK [1][-]{section.1}{Introduction}{}% 1
\BOOKMARK [1][-]{section.2}{Setting}{}% 2
\BOOKMARK [2][-]{subsection.2.1}{Model Setup}{section.2}% 3
\BOOKMARK [2][-]{subsection.2.2}{Forecast}{section.2}% 4
\BOOKMARK [2][-]{subsection.2.3}{Construction of shock effects estimators}{section.2}% 5
\BOOKMARK [1][-]{section.3}{Forecast risk and properties of shock-effects estimators}{}% 6
\BOOKMARK [2][-]{subsection.3.1}{Conditions for risk-reduction for shock-effects estimators}{section.3}% 7
\BOOKMARK [3][-]{subsubsection.3.1.1}{Conditions under M1}{subsection.3.1}% 8
\BOOKMARK [3][-]{subsubsection.3.1.2}{Conditions under M21 and M22}{subsection.3.1}% 9
\BOOKMARK [2][-]{subsection.3.2}{Comparisons among estimators}{section.3}% 10
\BOOKMARK [3][-]{subsubsection.3.2.1}{Under M1}{subsection.3.2}% 11
\BOOKMARK [3][-]{subsubsection.3.2.2}{Under M21 and M22}{subsection.3.2}% 12
\BOOKMARK [2][-]{subsection.3.3}{Bootstrap for risk-reduction evaluation problems}{section.3}% 13
\BOOKMARK [1][-]{section.4}{Simulation}{}% 14
\BOOKMARK [2][-]{subsection.4.1}{Parametric bootstrap simulation}{section.4}% 15
\BOOKMARK [1][-]{section.5}{Forecasting Conoco Phillips stock in the presence of shocks}{}% 16
\BOOKMARK [1][-]{section.6}{Discussion}{}% 17
\BOOKMARK [1][-]{section.7}{Appendix}{}% 18
\BOOKMARK [2][-]{subsection.7.1}{Proofs}{section.7}% 19
\BOOKMARK [3][-]{subsubsection.7.1.1}{Justification of Expectation of adj and wadj}{subsection.7.1}% 20
\BOOKMARK [3][-]{subsubsection.7.1.2}{Justification of Variance of adj and wadj}{subsection.7.1}% 21
\BOOKMARK [2][-]{subsection.7.2}{Proofs for lemmas and propositions}{section.7}% 22
