\BOOKMARK [1][-]{section.1}{Introduction}{}% 1
\BOOKMARK [1][-]{section.2}{Setting}{}% 2
\BOOKMARK [2][-]{subsection.2.1}{Model Setup}{section.2}% 3
\BOOKMARK [2][-]{subsection.2.2}{Forecast}{section.2}% 4
\BOOKMARK [2][-]{subsection.2.3}{Construction of shock effects estimators}{section.2}% 5
\BOOKMARK [1][-]{section.3}{Forecast risk and properties of shock effects estimators}{}% 6
\BOOKMARK [2][-]{subsection.3.1}{Risk-reduction conditions for shock effects estimators}{section.3}% 7
\BOOKMARK [3][-]{subsubsection.3.1.1}{Conditions under M1}{subsection.3.1}% 8
\BOOKMARK [3][-]{subsubsection.3.1.2}{Conditions under M21 and M22}{subsection.3.1}% 9
\BOOKMARK [2][-]{subsection.3.2}{Bootstrap for risk-reduction evaluation problems}{section.3}% 10
\BOOKMARK [2][-]{subsection.3.3}{Leave-one-out cross validation}{section.3}% 11
\BOOKMARK [1][-]{section.4}{Numerical Examples}{}% 12
\BOOKMARK [2][-]{subsection.4.1}{Modeling setup}{section.4}% 13
\BOOKMARK [2][-]{subsection.4.2}{Performance metrics}{section.4}% 14
\BOOKMARK [2][-]{subsection.4.3}{Monte Carlo results}{section.4}% 15
\BOOKMARK [1][-]{section.5}{Forecasting Conoco Phillips stock in the presence of shocks}{}% 16
\BOOKMARK [1][-]{section.6}{Discussion}{}% 17
\BOOKMARK [1][-]{section.7}{Acknowledgement}{}% 18
\BOOKMARK [1][-]{section.8}{Appendix}{}% 19
\BOOKMARK [2][-]{subsection.8.1}{Justification of Expectation of adj and wadj}{section.8}% 20
\BOOKMARK [2][-]{subsection.8.2}{Justification of Variance of adj and wadj}{section.8}% 21
\BOOKMARK [2][-]{subsection.8.3}{Proofs for lemmas and propositions}{section.8}% 22
\BOOKMARK [2][-]{subsection.8.4}{Tables for Section 4}{section.8}% 23
